<?xml version="1.0" encoding="UTF-8"?>
<coverage generated="1674836458712" clover="3.2.0">
  <project timestamp="1674836458712" name="All files">
    <metrics statements="43" coveredstatements="29" conditionals="12" coveredconditionals="4" methods="10" coveredmethods="6" elements="65" coveredelements="39" complexity="0" loc="43" ncloc="43" packages="1" files="1" classes="1"/>
    <file name="index.js" path="C:\Users\sebas\Documents\Sebastián Román\Estudios\deslatam\Proyectos_DesLat\11Node_Express\07_testing\desafio\index.js">
      <metrics statements="43" coveredstatements="29" conditionals="12" coveredconditionals="4" methods="10" coveredmethods="6"/>
      <line num="1" count="1" type="stmt"/>
      <line num="2" count="1" type="stmt"/>
      <line num="4" count="1" type="stmt"/>
      <line num="6" count="1" type="stmt"/>
      <line num="8" count="1" type="stmt"/>
      <line num="10" count="1" type="stmt"/>
      <line num="11" count="3" type="stmt"/>
      <line num="14" count="1" type="stmt"/>
      <line num="15" count="0" type="stmt"/>
      <line num="16" count="0" type="stmt"/>
      <line num="17" count="0" type="cond" truecount="0" falsecount="2"/>
      <line num="18" count="0" type="stmt"/>
      <line num="21" count="1" type="stmt"/>
      <line num="22" count="2" type="stmt"/>
      <line num="23" count="2" type="stmt"/>
      <line num="24" count="9" type="stmt"/>
      <line num="25" count="2" type="cond" truecount="1" falsecount="1"/>
      <line num="27" count="2" type="stmt"/>
      <line num="28" count="2" type="stmt"/>
      <line num="32" count="1" type="stmt"/>
      <line num="34" count="1" type="stmt"/>
      <line num="35" count="1" type="stmt"/>
      <line num="37" count="1" type="cond" truecount="1" falsecount="1"/>
      <line num="38" count="1" type="stmt"/>
      <line num="44" count="0" type="stmt"/>
      <line num="45" count="0" type="cond" truecount="0" falsecount="2"/>
      <line num="46" count="0" type="stmt"/>
      <line num="47" count="0" type="stmt"/>
      <line num="49" count="0" type="stmt"/>
      <line num="55" count="1" type="stmt"/>
      <line num="56" count="1" type="stmt"/>
      <line num="57" count="1" type="cond" truecount="1" falsecount="1"/>
      <line num="58" count="1" type="stmt"/>
      <line num="59" count="4" type="stmt"/>
      <line num="61" count="1" type="cond" truecount="1" falsecount="1"/>
      <line num="62" count="0" type="stmt"/>
      <line num="63" count="0" type="stmt"/>
      <line num="64" count="0" type="stmt"/>
      <line num="66" count="1" type="stmt"/>
      <line num="69" count="0" type="stmt"/>
      <line num="72" count="1" type="stmt"/>
      <line num="73" count="0" type="stmt"/>
      <line num="76" count="1" type="stmt"/>
    </file>
  </project>
</coverage>
